Using pre-set license
Built from '2020.3/staging' branch; Version is '2020.3.0f1 (c7b5465681fb) revision 13088070'; Using compiler version '192528614'; Build Type 'Release'
OS: 'Windows 10 Home Single Language; OS build 19042.746; Version 2009; 64bit' Language: 'en' Physical Memory: 3977 MB
BatchMode: 1, IsHumanControllingUs: 0, StartBugReporterOnCrash: 0, Is64bit: 1, IsPro: 0

 COMMAND LINE ARGUMENTS:
C:\Users\SHARMA\Documents\unity\2020.3.0f1\Editor\Unity.exe
-adb2
-batchMode
-noUpm
-name
AssetImportWorker0
-projectPath
C:/Users/SHARMA/Downloads/InputSystem_Warriors-master/InputSystem_Warriors-master/2d game
-logFile
Logs/AssetImportWorker0.log
-srvPort
59125
Successfully changed project path to: C:/Users/SHARMA/Downloads/InputSystem_Warriors-master/InputSystem_Warriors-master/2d game
C:/Users/SHARMA/Downloads/InputSystem_Warriors-master/InputSystem_Warriors-master/2d game
Using Asset Import Pipeline V2.
Refreshing native plugins compatible for Editor in 705.38 ms, found 1 plugins.
Preloading 0 native plugins for Editor in 0.00 ms.
Initialize engine version: 2020.3.0f1 (c7b5465681fb)
[Subsystems] Discovering subsystems at path C:/Users/SHARMA/Documents/unity/2020.3.0f1/Editor/Data/Resources/UnitySubsystems
[Subsystems] Discovering subsystems at path C:/Users/SHARMA/Downloads/InputSystem_Warriors-master/InputSystem_Warriors-master/2d game/Assets
GfxDevice: creating device client; threaded=0
Direct3D:
    Version:  Direct3D 11.0 [level 11.0]
    Renderer: Intel(R) HD Graphics 4000 (ID=0x166)
    Vendor:   
    VRAM:     128 MB
    Driver:   10.18.10.4358
Initialize mono
Mono path[0] = 'C:/Users/SHARMA/Documents/unity/2020.3.0f1/Editor/Data/Managed'
Mono path[1] = 'C:/Users/SHARMA/Documents/unity/2020.3.0f1/Editor/Data/MonoBleedingEdge/lib/mono/unityjit'
Mono config path = 'C:/Users/SHARMA/Documents/unity/2020.3.0f1/Editor/Data/MonoBleedingEdge/etc'
Using monoOptions --debugger-agent=transport=dt_socket,embedding=1,server=y,suspend=n,address=127.0.0.1:56848
Begin MonoManager ReloadAssembly
Registering precompiled unity dll's ...
Register platform support module: C:/Users/SHARMA/Documents/unity/2020.3.0f1/Editor/Data/PlaybackEngines/WindowsStandaloneSupport/UnityEditor.WindowsStandalone.Extensions.dll
Registered in 0.010413 seconds.
Native extension for WindowsStandalone target not found
Refreshing native plugins compatible for Editor in 173.88 ms, found 1 plugins.
Preloading 0 native plugins for Editor in 0.00 ms.
Invoked RoslynAnalysisRunner static constructor.
RoslynAnalysisRunner will not be running.
RoslynAnalysisRunner has terminated.
Mono: successfully reloaded assembly
- Completed reload, in 20.512 seconds
Platform modules already initialized, skipping
Registering precompiled user dll's ...
Registered in 0.004009 seconds.
